<?xml version="1.0" encoding="UTF-8"?>
<testng-results skipped="0" failed="0" total="1" passed="1">
  <reporter-output>
  </reporter-output>
  <suite name="Default suite" duration-ms="69" started-at="2016-09-30T13:31:11Z" finished-at="2016-09-30T13:31:11Z">
    <groups>
    </groups>
    <test name="Default test" duration-ms="69" started-at="2016-09-30T13:31:11Z" finished-at="2016-09-30T13:31:11Z">
      <class name="bwi.prog1B.WS1617.wi16b076_Karolyi.ExerciseSheet00.tests.NumberFormatCheckerTest">
        <test-method status="PASS" signature="testMain(java.lang.String, java.lang.String)[pri:0, instance:bwi.prog1B.WS1617.wi16b076_Karolyi.ExerciseSheet00.tests.NumberFormatCheckerTest@573f2bb1]" name="testMain" duration-ms="27" started-at="2016-09-30T15:31:11Z" description="tests the output of main compared with the awaited output" data-provider="inout" finished-at="2016-09-30T15:31:11Z">
          <params>
            <param index="0">
              <value>
                <![CDATA[]]>
              </value>
            </param>
            <param index="1">
              <value>
                <![CDATA[3.141590
]]>
              </value>
            </param>
          </params>
          <reporter-output>
          </reporter-output>
        </test-method> <!-- testMain -->
      </class> <!-- bwi.prog1B.WS1617.wi16b076_Karolyi.ExerciseSheet00.tests.NumberFormatCheckerTest -->
    </test> <!-- Default test -->
  </suite> <!-- Default suite -->
</testng-results>
